<?xml version="1.0" encoding="UTF-8"?>
<!-- Generated by org.testng.reporters.JUnitReportReporter -->
<testsuite skipped="0" hostname="WIN-0O4HL1FNK33" name="API.RestAPIAutomation.tests.RestAPIAuto" tests="1" failures="0" timestamp="17 May 2018 12:03:21 GMT" time="2.477" errors="0">
  <testcase name="testStatusCode" time="2.477" classname="API.RestAPIAutomation.tests.RestAPIAuto"/>
</testsuite> <!-- API.RestAPIAutomation.tests.RestAPIAuto -->
