<?xml version="1.0" encoding="UTF-8"?>
<!-- Generated by org.testng.reporters.JUnitReportReporter -->
<testsuite skipped="0" hostname="WIN-0O4HL1FNK33" name="API.RestAPIAutomation.tests.RestAPIAutomation" tests="3" failures="0" timestamp="17 May 2018 09:32:47 GMT" time="1.760" errors="0">
  <testcase name="VerifyDeleteEndpoint" time="1.707" classname="API.RestAPIAutomation.tests.RestAPIAutomation"/>
  <testcase name="VerifyStatusCode_200" time="0.022" classname="API.RestAPIAutomation.tests.RestAPIAutomation"/>
  <testcase name="VerifyPutEndpoint" time="0.031" classname="API.RestAPIAutomation.tests.RestAPIAutomation"/>
</testsuite> <!-- API.RestAPIAutomation.tests.RestAPIAutomation -->
